This is pdfTeX, Version 3.1415926-2.3-1.40.12 (MiKTeX 2.9) (preloaded format=pdflatex 2017.5.27)  14 MAR 2019 23:04
entering extended mode
**2016-09-06_lecture.tex
(J:\mcgill\GrpahModel\lecture2\2016-09-06_lecture.tex
LaTeX2e <2011/06/27>
Babel <v3.8m> and hyphenation patterns for loaded.
(K:\CTEX\MiKTeX\tex\latex\base\report.cls
Document Class: report 2007/10/19 v1.4h Standard LaTeX document class
(K:\CTEX\MiKTeX\tex\latex\base\size12.clo
File: size12.clo 2007/10/19 v1.4h Standard LaTeX file (size option)
)
\c@part=\count79
\c@chapter=\count80
\c@section=\count81
\c@subsection=\count82
\c@subsubsection=\count83
\c@paragraph=\count84
\c@subparagraph=\count85
\c@figure=\count86
\c@table=\count87
\abovecaptionskip=\skip41
\belowcaptionskip=\skip42
\bibindent=\dimen102
)
(K:\CTEX\MiKTeX\tex\latex\graphics\graphicx.sty
Package: graphicx 1999/02/16 v1.0f Enhanced LaTeX Graphics (DPC,SPQR)

(K:\CTEX\MiKTeX\tex\latex\graphics\keyval.sty
Package: keyval 1999/03/16 v1.13 key=value parser (DPC)
\KV@toks@=\toks14
)
(K:\CTEX\MiKTeX\tex\latex\graphics\graphics.sty
Package: graphics 2009/02/05 v1.0o Standard LaTeX Graphics (DPC,SPQR)

(K:\CTEX\MiKTeX\tex\latex\graphics\trig.sty
Package: trig 1999/03/16 v1.09 sin cos tan (DPC)
)
(K:\CTEX\MiKTeX\tex\latex\00miktex\graphics.cfg
File: graphics.cfg 2007/01/18 v1.5 graphics configuration of teTeX/TeXLive
)
Package graphics Info: Driver file: pdftex.def on input line 91.

(K:\CTEX\MiKTeX\tex\latex\pdftex-def\pdftex.def
File: pdftex.def 2011/05/27 v0.06d Graphics/color for pdfTeX

(K:\CTEX\MiKTeX\tex\generic\oberdiek\infwarerr.sty
Package: infwarerr 2010/04/08 v1.3 Providing info/warning/message (HO)
)
(K:\CTEX\MiKTeX\tex\generic\oberdiek\ltxcmds.sty
Package: ltxcmds 2011/04/18 v1.20 LaTeX kernel commands for general use (HO)
)
\Gread@gobject=\count88
))
\Gin@req@height=\dimen103
\Gin@req@width=\dimen104
)
(J:\mcgill\GrpahModel\lecture2\scribe_MG.sty
(K:\CTEX\MiKTeX\tex\latex\ams\math\amsmath.sty
Package: amsmath 2000/07/18 v2.13 AMS math features
\@mathmargin=\skip43

For additional information on amsmath, use the `?' option.
(K:\CTEX\MiKTeX\tex\latex\ams\math\amstext.sty
Package: amstext 2000/06/29 v2.01

(K:\CTEX\MiKTeX\tex\latex\ams\math\amsgen.sty
File: amsgen.sty 1999/11/30 v2.0
\@emptytoks=\toks15
\ex@=\dimen105
))
(K:\CTEX\MiKTeX\tex\latex\ams\math\amsbsy.sty
Package: amsbsy 1999/11/29 v1.2d
\pmbraise@=\dimen106
)
(K:\CTEX\MiKTeX\tex\latex\ams\math\amsopn.sty
Package: amsopn 1999/12/14 v2.01 operator names
)
\inf@bad=\count89
LaTeX Info: Redefining \frac on input line 211.
\uproot@=\count90
\leftroot@=\count91
LaTeX Info: Redefining \overline on input line 307.
\classnum@=\count92
\DOTSCASE@=\count93
LaTeX Info: Redefining \ldots on input line 379.
LaTeX Info: Redefining \dots on input line 382.
LaTeX Info: Redefining \cdots on input line 467.
\Mathstrutbox@=\box26
\strutbox@=\box27
\big@size=\dimen107
LaTeX Font Info:    Redeclaring font encoding OML on input line 567.
LaTeX Font Info:    Redeclaring font encoding OMS on input line 568.
\macc@depth=\count94
\c@MaxMatrixCols=\count95
\dotsspace@=\muskip10
\c@parentequation=\count96
\dspbrk@lvl=\count97
\tag@help=\toks16
\row@=\count98
\column@=\count99
\maxfields@=\count100
\andhelp@=\toks17
\eqnshift@=\dimen108
\alignsep@=\dimen109
\tagshift@=\dimen110
\tagwidth@=\dimen111
\totwidth@=\dimen112
\lineht@=\dimen113
\@envbody=\toks18
\multlinegap=\skip44
\multlinetaggap=\skip45
\mathdisplay@stack=\toks19
LaTeX Info: Redefining \[ on input line 2666.
LaTeX Info: Redefining \] on input line 2667.
)
(K:\CTEX\MiKTeX\tex\latex\amsfonts\amssymb.sty
Package: amssymb 2009/06/22 v3.00

(K:\CTEX\MiKTeX\tex\latex\amsfonts\amsfonts.sty
Package: amsfonts 2009/06/22 v3.00 Basic AMSFonts support
\symAMSa=\mathgroup4
\symAMSb=\mathgroup5
LaTeX Font Info:    Overwriting math alphabet `\mathfrak' in version `bold'
(Font)                  U/euf/m/n --> U/euf/b/n on input line 96.
))
\c@lemma=\count101
)
(K:\CTEX\MiKTeX\tex\latex\amsfonts\eucal.sty
Package: eucal 2009/06/22 v3.00 Euler Script fonts
LaTeX Font Info:    Overwriting math alphabet `\EuScript' in version `bold'
(Font)                  U/eus/m/n --> U/eus/b/n on input line 33.
)
(K:\CTEX\MiKTeX\tex\generic\babel\babel.sty
Package: babel 2008/07/08 v3.8m The Babel package

*************************************
* Local config file bblopts.cfg used
*
(K:\CTEX\MiKTeX\tex\latex\00miktex\bblopts.cfg
File: bblopts.cfg 2006/07/31 v1.0 MiKTeX 'babel' configuration
)
(K:\CTEX\MiKTeX\tex\generic\babel\english.ldf
Language: english 2005/03/30 v3.3o English support from the babel system

(K:\CTEX\MiKTeX\tex\generic\babel\babel.def
File: babel.def 2008/07/08 v3.8m Babel common definitions
\babel@savecnt=\count102
\U@D=\dimen114
)
\l@british = a dialect from \language0
\l@UKenglish = a dialect from \language0
\l@american = a dialect from \language0
\l@canadian = a dialect from \language\l@american 
\l@australian = a dialect from \language\l@british 
\l@newzealand = a dialect from \language\l@british 
))
(K:\CTEX\MiKTeX\tex\latex\base\inputenc.sty
Package: inputenc 2008/03/30 v1.1d Input encoding file
\inpenc@prehook=\toks20
\inpenc@posthook=\toks21

(K:\CTEX\MiKTeX\tex\latex\base\utf8.def
File: utf8.def 2008/04/05 v1.1m UTF-8 support for inputenc
Now handling font encoding OML ...
... no UTF-8 mapping file for font encoding OML
Now handling font encoding T1 ...
... processing UTF-8 mapping file for font encoding T1

(K:\CTEX\MiKTeX\tex\latex\base\t1enc.dfu
File: t1enc.dfu 2008/04/05 v1.1m UTF-8 support for inputenc
   defining Unicode char U+00A1 (decimal 161)
   defining Unicode char U+00A3 (decimal 163)
   defining Unicode char U+00AB (decimal 171)
   defining Unicode char U+00BB (decimal 187)
   defining Unicode char U+00BF (decimal 191)
   defining Unicode char U+00C0 (decimal 192)
   defining Unicode char U+00C1 (decimal 193)
   defining Unicode char U+00C2 (decimal 194)
   defining Unicode char U+00C3 (decimal 195)
   defining Unicode char U+00C4 (decimal 196)
   defining Unicode char U+00C5 (decimal 197)
   defining Unicode char U+00C6 (decimal 198)
   defining Unicode char U+00C7 (decimal 199)
   defining Unicode char U+00C8 (decimal 200)
   defining Unicode char U+00C9 (decimal 201)
   defining Unicode char U+00CA (decimal 202)
   defining Unicode char U+00CB (decimal 203)
   defining Unicode char U+00CC (decimal 204)
   defining Unicode char U+00CD (decimal 205)
   defining Unicode char U+00CE (decimal 206)
   defining Unicode char U+00CF (decimal 207)
   defining Unicode char U+00D0 (decimal 208)
   defining Unicode char U+00D1 (decimal 209)
   defining Unicode char U+00D2 (decimal 210)
   defining Unicode char U+00D3 (decimal 211)
   defining Unicode char U+00D4 (decimal 212)
   defining Unicode char U+00D5 (decimal 213)
   defining Unicode char U+00D6 (decimal 214)
   defining Unicode char U+00D8 (decimal 216)
   defining Unicode char U+00D9 (decimal 217)
   defining Unicode char U+00DA (decimal 218)
   defining Unicode char U+00DB (decimal 219)
   defining Unicode char U+00DC (decimal 220)
   defining Unicode char U+00DD (decimal 221)
   defining Unicode char U+00DE (decimal 222)
   defining Unicode char U+00DF (decimal 223)
   defining Unicode char U+00E0 (decimal 224)
   defining Unicode char U+00E1 (decimal 225)
   defining Unicode char U+00E2 (decimal 226)
   defining Unicode char U+00E3 (decimal 227)
   defining Unicode char U+00E4 (decimal 228)
   defining Unicode char U+00E5 (decimal 229)
   defining Unicode char U+00E6 (decimal 230)
   defining Unicode char U+00E7 (decimal 231)
   defining Unicode char U+00E8 (decimal 232)
   defining Unicode char U+00E9 (decimal 233)
   defining Unicode char U+00EA (decimal 234)
   defining Unicode char U+00EB (decimal 235)
   defining Unicode char U+00EC (decimal 236)
   defining Unicode char U+00ED (decimal 237)
   defining Unicode char U+00EE (decimal 238)
   defining Unicode char U+00EF (decimal 239)
   defining Unicode char U+00F0 (decimal 240)
   defining Unicode char U+00F1 (decimal 241)
   defining Unicode char U+00F2 (decimal 242)
   defining Unicode char U+00F3 (decimal 243)
   defining Unicode char U+00F4 (decimal 244)
   defining Unicode char U+00F5 (decimal 245)
   defining Unicode char U+00F6 (decimal 246)
   defining Unicode char U+00F8 (decimal 248)
   defining Unicode char U+00F9 (decimal 249)
   defining Unicode char U+00FA (decimal 250)
   defining Unicode char U+00FB (decimal 251)
   defining Unicode char U+00FC (decimal 252)
   defining Unicode char U+00FD (decimal 253)
   defining Unicode char U+00FE (decimal 254)
   defining Unicode char U+00FF (decimal 255)
   defining Unicode char U+0102 (decimal 258)
   defining Unicode char U+0103 (decimal 259)
   defining Unicode char U+0104 (decimal 260)
   defining Unicode char U+0105 (decimal 261)
   defining Unicode char U+0106 (decimal 262)
   defining Unicode char U+0107 (decimal 263)
   defining Unicode char U+010C (decimal 268)
   defining Unicode char U+010D (decimal 269)
   defining Unicode char U+010E (decimal 270)
   defining Unicode char U+010F (decimal 271)
   defining Unicode char U+0110 (decimal 272)
   defining Unicode char U+0111 (decimal 273)
   defining Unicode char U+0118 (decimal 280)
   defining Unicode char U+0119 (decimal 281)
   defining Unicode char U+011A (decimal 282)
   defining Unicode char U+011B (decimal 283)
   defining Unicode char U+011E (decimal 286)
   defining Unicode char U+011F (decimal 287)
   defining Unicode char U+0130 (decimal 304)
   defining Unicode char U+0131 (decimal 305)
   defining Unicode char U+0132 (decimal 306)
   defining Unicode char U+0133 (decimal 307)
   defining Unicode char U+0139 (decimal 313)
   defining Unicode char U+013A (decimal 314)
   defining Unicode char U+013D (decimal 317)
   defining Unicode char U+013E (decimal 318)
   defining Unicode char U+0141 (decimal 321)
   defining Unicode char U+0142 (decimal 322)
   defining Unicode char U+0143 (decimal 323)
   defining Unicode char U+0144 (decimal 324)
   defining Unicode char U+0147 (decimal 327)
   defining Unicode char U+0148 (decimal 328)
   defining Unicode char U+014A (decimal 330)
   defining Unicode char U+014B (decimal 331)
   defining Unicode char U+0150 (decimal 336)
   defining Unicode char U+0151 (decimal 337)
   defining Unicode char U+0152 (decimal 338)
   defining Unicode char U+0153 (decimal 339)
   defining Unicode char U+0154 (decimal 340)
   defining Unicode char U+0155 (decimal 341)
   defining Unicode char U+0158 (decimal 344)
   defining Unicode char U+0159 (decimal 345)
   defining Unicode char U+015A (decimal 346)
   defining Unicode char U+015B (decimal 347)
   defining Unicode char U+015E (decimal 350)
   defining Unicode char U+015F (decimal 351)
   defining Unicode char U+0160 (decimal 352)
   defining Unicode char U+0161 (decimal 353)
   defining Unicode char U+0162 (decimal 354)
   defining Unicode char U+0163 (decimal 355)
   defining Unicode char U+0164 (decimal 356)
   defining Unicode char U+0165 (decimal 357)
   defining Unicode char U+016E (decimal 366)
   defining Unicode char U+016F (decimal 367)
   defining Unicode char U+0170 (decimal 368)
   defining Unicode char U+0171 (decimal 369)
   defining Unicode char U+0178 (decimal 376)
   defining Unicode char U+0179 (decimal 377)
   defining Unicode char U+017A (decimal 378)
   defining Unicode char U+017B (decimal 379)
   defining Unicode char U+017C (decimal 380)
   defining Unicode char U+017D (decimal 381)
   defining Unicode char U+017E (decimal 382)
   defining Unicode char U+200C (decimal 8204)
   defining Unicode char U+2013 (decimal 8211)
   defining Unicode char U+2014 (decimal 8212)
   defining Unicode char U+2018 (decimal 8216)
   defining Unicode char U+2019 (decimal 8217)
   defining Unicode char U+201A (decimal 8218)
   defining Unicode char U+201C (decimal 8220)
   defining Unicode char U+201D (decimal 8221)
   defining Unicode char U+201E (decimal 8222)
   defining Unicode char U+2030 (decimal 8240)
   defining Unicode char U+2031 (decimal 8241)
   defining Unicode char U+2039 (decimal 8249)
   defining Unicode char U+203A (decimal 8250)
   defining Unicode char U+2423 (decimal 9251)
)
Now handling font encoding OT1 ...
... processing UTF-8 mapping file for font encoding OT1

(K:\CTEX\MiKTeX\tex\latex\base\ot1enc.dfu
File: ot1enc.dfu 2008/04/05 v1.1m UTF-8 support for inputenc
   defining Unicode char U+00A1 (decimal 161)
   defining Unicode char U+00A3 (decimal 163)
   defining Unicode char U+00B8 (decimal 184)
   defining Unicode char U+00BF (decimal 191)
   defining Unicode char U+00C5 (decimal 197)
   defining Unicode char U+00C6 (decimal 198)
   defining Unicode char U+00D8 (decimal 216)
   defining Unicode char U+00DF (decimal 223)
   defining Unicode char U+00E6 (decimal 230)
   defining Unicode char U+00EC (decimal 236)
   defining Unicode char U+00ED (decimal 237)
   defining Unicode char U+00EE (decimal 238)
   defining Unicode char U+00EF (decimal 239)
   defining Unicode char U+00F8 (decimal 248)
   defining Unicode char U+0131 (decimal 305)
   defining Unicode char U+0141 (decimal 321)
   defining Unicode char U+0142 (decimal 322)
   defining Unicode char U+0152 (decimal 338)
   defining Unicode char U+0153 (decimal 339)
   defining Unicode char U+2013 (decimal 8211)
   defining Unicode char U+2014 (decimal 8212)
   defining Unicode char U+2018 (decimal 8216)
   defining Unicode char U+2019 (decimal 8217)
   defining Unicode char U+201C (decimal 8220)
   defining Unicode char U+201D (decimal 8221)
)
Now handling font encoding OMS ...
... processing UTF-8 mapping file for font encoding OMS

(K:\CTEX\MiKTeX\tex\latex\base\omsenc.dfu
File: omsenc.dfu 2008/04/05 v1.1m UTF-8 support for inputenc
   defining Unicode char U+00A7 (decimal 167)
   defining Unicode char U+00B6 (decimal 182)
   defining Unicode char U+00B7 (decimal 183)
   defining Unicode char U+2020 (decimal 8224)
   defining Unicode char U+2021 (decimal 8225)
   defining Unicode char U+2022 (decimal 8226)
)
Now handling font encoding OMX ...
... no UTF-8 mapping file for font encoding OMX
Now handling font encoding U ...
... no UTF-8 mapping file for font encoding U
   defining Unicode char U+00A9 (decimal 169)
   defining Unicode char U+00AA (decimal 170)
   defining Unicode char U+00AE (decimal 174)
   defining Unicode char U+00BA (decimal 186)
   defining Unicode char U+02C6 (decimal 710)
   defining Unicode char U+02DC (decimal 732)
   defining Unicode char U+200C (decimal 8204)
   defining Unicode char U+2026 (decimal 8230)
   defining Unicode char U+2122 (decimal 8482)
   defining Unicode char U+2423 (decimal 9251)
))
(K:\CTEX\MiKTeX\tex\latex\base\fontenc.sty
Package: fontenc 2005/09/27 v1.99g Standard LaTeX package

(K:\CTEX\MiKTeX\tex\latex\base\t1enc.def
File: t1enc.def 2005/09/27 v1.99g Standard LaTeX file
LaTeX Font Info:    Redeclaring font encoding T1 on input line 43.
))
(K:\CTEX\MiKTeX\tex\latex\lm\lmodern.sty
Package: lmodern 2009/10/30 v1.6 Latin Modern Fonts
LaTeX Font Info:    Overwriting symbol font `operators' in version `normal'
(Font)                  OT1/cmr/m/n --> OT1/lmr/m/n on input line 22.
LaTeX Font Info:    Overwriting symbol font `letters' in version `normal'
(Font)                  OML/cmm/m/it --> OML/lmm/m/it on input line 23.
LaTeX Font Info:    Overwriting symbol font `symbols' in version `normal'
(Font)                  OMS/cmsy/m/n --> OMS/lmsy/m/n on input line 24.
LaTeX Font Info:    Overwriting symbol font `largesymbols' in version `normal'
(Font)                  OMX/cmex/m/n --> OMX/lmex/m/n on input line 25.
LaTeX Font Info:    Overwriting symbol font `operators' in version `bold'
(Font)                  OT1/cmr/bx/n --> OT1/lmr/bx/n on input line 26.
LaTeX Font Info:    Overwriting symbol font `letters' in version `bold'
(Font)                  OML/cmm/b/it --> OML/lmm/b/it on input line 27.
LaTeX Font Info:    Overwriting symbol font `symbols' in version `bold'
(Font)                  OMS/cmsy/b/n --> OMS/lmsy/b/n on input line 28.
LaTeX Font Info:    Overwriting symbol font `largesymbols' in version `bold'
(Font)                  OMX/cmex/m/n --> OMX/lmex/m/n on input line 29.
LaTeX Font Info:    Overwriting math alphabet `\mathbf' in version `normal'
(Font)                  OT1/cmr/bx/n --> OT1/lmr/bx/n on input line 31.
LaTeX Font Info:    Overwriting math alphabet `\mathsf' in version `normal'
(Font)                  OT1/cmss/m/n --> OT1/lmss/m/n on input line 32.
LaTeX Font Info:    Overwriting math alphabet `\mathit' in version `normal'
(Font)                  OT1/cmr/m/it --> OT1/lmr/m/it on input line 33.
LaTeX Font Info:    Overwriting math alphabet `\mathtt' in version `normal'
(Font)                  OT1/cmtt/m/n --> OT1/lmtt/m/n on input line 34.
LaTeX Font Info:    Overwriting math alphabet `\mathbf' in version `bold'
(Font)                  OT1/cmr/bx/n --> OT1/lmr/bx/n on input line 35.
LaTeX Font Info:    Overwriting math alphabet `\mathsf' in version `bold'
(Font)                  OT1/cmss/bx/n --> OT1/lmss/bx/n on input line 36.
LaTeX Font Info:    Overwriting math alphabet `\mathit' in version `bold'
(Font)                  OT1/cmr/bx/it --> OT1/lmr/bx/it on input line 37.
LaTeX Font Info:    Overwriting math alphabet `\mathtt' in version `bold'
(Font)                  OT1/cmtt/m/n --> OT1/lmtt/m/n on input line 38.
)
(K:\CTEX\MiKTeX\tex\latex\oberdiek\epstopdf.sty
Package: epstopdf 2010/02/09 v2.5 Conversion with epstopdf on the fly (HO)

(K:\CTEX\MiKTeX\tex\latex\oberdiek\epstopdf-base.sty
Package: epstopdf-base 2010/02/09 v2.5 Base part for package epstopdf

(K:\CTEX\MiKTeX\tex\latex\oberdiek\grfext.sty
Package: grfext 2010/08/19 v1.1 Managing graphics extensions (HO)

(K:\CTEX\MiKTeX\tex\generic\oberdiek\kvdefinekeys.sty
Package: kvdefinekeys 2011/04/07 v1.3 Defining keys (HO)
))
(K:\CTEX\MiKTeX\tex\latex\oberdiek\kvoptions.sty
Package: kvoptions 2010/12/23 v3.10 Keyval support for LaTeX options (HO)

(K:\CTEX\MiKTeX\tex\generic\oberdiek\kvsetkeys.sty
Package: kvsetkeys 2011/04/07 v1.13 Key value parser (HO)

(K:\CTEX\MiKTeX\tex\generic\oberdiek\etexcmds.sty
Package: etexcmds 2011/02/16 v1.5 Prefix for e-TeX command names (HO)

(K:\CTEX\MiKTeX\tex\generic\oberdiek\ifluatex.sty
Package: ifluatex 2010/03/01 v1.3 Provides the ifluatex switch (HO)
Package ifluatex Info: LuaTeX not detected.
)
Package etexcmds Info: Could not find \expanded.
(etexcmds)             That can mean that you are not using pdfTeX 1.50 or
(etexcmds)             that some package has redefined \expanded.
(etexcmds)             In the latter case, load this package earlier.
)))
(K:\CTEX\MiKTeX\tex\generic\oberdiek\pdftexcmds.sty
Package: pdftexcmds 2011/04/22 v0.16 Utilities of pdfTeX for LuaTeX (HO)

(K:\CTEX\MiKTeX\tex\generic\oberdiek\ifpdf.sty
Package: ifpdf 2011/01/30 v2.3 Provides the ifpdf switch (HO)
Package ifpdf Info: pdfTeX in PDF mode is detected.
)
Package pdftexcmds Info: LuaTeX not detected.
Package pdftexcmds Info: \pdf@primitive is available.
Package pdftexcmds Info: \pdf@ifprimitive is available.
Package pdftexcmds Info: \pdfdraftmode found.
)
Package grfext Info: Graphics extension search list:
(grfext)             [.png,.pdf,.jpg,.mps,.jpeg,.jbig2,.jb2,.PNG,.PDF,.JPG,.JPE
G,.JBIG2,.JB2,.eps]
(grfext)             \AppendGraphicsExtensions on input line 452.
))
(K:\CTEX\MiKTeX\tex\latex\tools\array.sty
Package: array 2008/09/09 v2.4c Tabular extension package (FMi)
\col@sep=\dimen115
\extrarowheight=\dimen116
\NC@list=\toks22
\extratabsurround=\skip46
\backup@length=\skip47
)
(K:\CTEX\MiKTeX\tex\latex\placeins\placeins.sty
Package: placeins 2005/04/18  v 2.2
)
(K:\CTEX\MiKTeX\tex\latex\hyperref\hyperref.sty
Package: hyperref 2012/02/06 v6.82o Hypertext links for LaTeX

(K:\CTEX\MiKTeX\tex\generic\oberdiek\hobsub-hyperref.sty
Package: hobsub-hyperref 2011/04/23 v1.4 Bundle oberdiek, subset hyperref (HO)

(K:\CTEX\MiKTeX\tex\generic\oberdiek\hobsub-generic.sty
Package: hobsub-generic 2011/04/23 v1.4 Bundle oberdiek, subset generic (HO)
Package: hobsub 2011/04/23 v1.4 Subsetting bundle oberdiek (HO)
Package hobsub Info: Skipping package `infwarerr' (already loaded).
Package hobsub Info: Skipping package `ltxcmds' (already loaded).
Package hobsub Info: Skipping package `ifluatex' (already loaded).
Package: ifvtex 2010/03/01 v1.5 Switches for detecting VTeX and its modes (HO)
Package ifvtex Info: VTeX not detected.
Package: intcalc 2007/09/27 v1.1 Expandable integer calculations (HO)
Package hobsub Info: Skipping package `ifpdf' (already loaded).
Package hobsub Info: Skipping package `etexcmds' (already loaded).
Package hobsub Info: Skipping package `kvsetkeys' (already loaded).
Package hobsub Info: Skipping package `kvdefinekeys' (already loaded).
Package hobsub Info: Skipping package `pdftexcmds' (already loaded).
Package: pdfescape 2011/04/04 v1.12 Provides string conversions (HO)
Package: bigintcalc 2011/01/30 v1.2 Expandable big integer calculations (HO)
Package: bitset 2011/01/30 v1.1 Data type bit set (HO)
Package: uniquecounter 2011/01/30 v1.2 Provides unlimited unique counter (HO)
)
Package hobsub Info: Skipping package `hobsub' (already loaded).
Package: letltxmacro 2010/09/02 v1.4 Let assignment for LaTeX macros (HO)
Package: hopatch 2011/01/30 v1.0 Wrapper for package hooks (HO)
Package: xcolor-patch 2011/01/30 xcolor patch
Package: atveryend 2011/04/23 v1.7 Hooks at very end of document (HO)
Package: atbegshi 2011/01/30 v1.15 At begin shipout hook (HO)
Package: refcount 2010/12/01 v3.2 Data extraction from references (HO)
Package: hycolor 2011/01/30 v1.7 Color options of hyperref/bookmark (HO)
)
(K:\CTEX\MiKTeX\tex\generic\ifxetex\ifxetex.sty
Package: ifxetex 2010/09/12 v0.6 Provides ifxetex conditional
)
\@linkdim=\dimen117
\Hy@linkcounter=\count103
\Hy@pagecounter=\count104

(K:\CTEX\MiKTeX\tex\latex\hyperref\pd1enc.def
File: pd1enc.def 2012/02/06 v6.82o Hyperref: PDFDocEncoding definition (HO)
Now handling font encoding PD1 ...
... no UTF-8 mapping file for font encoding PD1
)
\Hy@SavedSpaceFactor=\count105

(K:\CTEX\MiKTeX\tex\latex\00miktex\hyperref.cfg
File: hyperref.cfg 2002/06/06 v1.2 hyperref configuration of TeXLive
)
Package hyperref Info: Option `colorlinks' set `true' on input line 3925.
Package hyperref Info: Hyper figures OFF on input line 4046.
Package hyperref Info: Link nesting OFF on input line 4051.
Package hyperref Info: Hyper index ON on input line 4054.
Package hyperref Info: Plain pages OFF on input line 4061.
Package hyperref Info: Backreferencing OFF on input line 4066.
Package hyperref Info: Implicit mode ON; LaTeX internals redefined.
Package hyperref Info: Bookmarks ON on input line 4284.
\c@Hy@tempcnt=\count106

(K:\CTEX\MiKTeX\tex\latex\ltxmisc\url.sty
\Urlmuskip=\muskip11
Package: url 2006/04/12  ver 3.3  Verb mode for urls, etc.
)
LaTeX Info: Redefining \url on input line 4637.
\Fld@menulength=\count107
\Field@Width=\dimen118
\Fld@charsize=\dimen119
Package hyperref Info: Hyper figures OFF on input line 5757.
Package hyperref Info: Link nesting OFF on input line 5762.
Package hyperref Info: Hyper index ON on input line 5765.
Package hyperref Info: backreferencing OFF on input line 5772.
Package hyperref Info: Link coloring ON on input line 5775.
Package hyperref Info: Link coloring with OCG OFF on input line 5782.
Package hyperref Info: PDF/A mode OFF on input line 5787.
LaTeX Info: Redefining \ref on input line 5827.
LaTeX Info: Redefining \pageref on input line 5831.
\Hy@abspage=\count108
\c@Item=\count109
\c@Hfootnote=\count110
)

Package hyperref Message: Driver (autodetected): hpdftex.

(K:\CTEX\MiKTeX\tex\latex\hyperref\hpdftex.def
File: hpdftex.def 2012/02/06 v6.82o Hyperref driver for pdfTeX
\Fld@listcount=\count111
\c@bookmark@seq@number=\count112

(K:\CTEX\MiKTeX\tex\latex\oberdiek\rerunfilecheck.sty
Package: rerunfilecheck 2011/04/15 v1.7 Rerun checks for auxiliary files (HO)
Package uniquecounter Info: New unique counter `rerunfilecheck' on input line 2
82.
)
\Hy@SectionHShift=\skip48
)
(K:\CTEX\MiKTeX\tex\latex\xcolor\xcolor.sty
Package: xcolor 2007/01/21 v2.11 LaTeX color extensions (UK)

(K:\CTEX\MiKTeX\tex\latex\00miktex\color.cfg
File: color.cfg 2007/01/18 v1.5 color configuration of teTeX/TeXLive
)
Package xcolor Info: Driver file: pdftex.def on input line 225.
Package xcolor Info: Model `cmy' substituted by `cmy0' on input line 1337.
Package xcolor Info: Model `hsb' substituted by `rgb' on input line 1341.
Package xcolor Info: Model `RGB' extended on input line 1353.
Package xcolor Info: Model `HTML' substituted by `rgb' on input line 1355.
Package xcolor Info: Model `Hsb' substituted by `hsb' on input line 1356.
Package xcolor Info: Model `tHsb' substituted by `hsb' on input line 1357.
Package xcolor Info: Model `HSB' substituted by `hsb' on input line 1358.
Package xcolor Info: Model `Gray' substituted by `gray' on input line 1359.
Package xcolor Info: Model `wave' substituted by `hsb' on input line 1360.
)
(K:\CTEX\MiKTeX\tex\latex\caption\caption.sty
Package: caption 2011/11/10 v3.2e Customizing captions (AR)

(K:\CTEX\MiKTeX\tex\latex\caption\caption3.sty
Package: caption3 2011/11/01 v1.4a caption3 kernel (AR)
\captionmargin=\dimen120
\captionmargin@=\dimen121
\captionwidth=\dimen122
\caption@indent=\dimen123
\caption@parindent=\dimen124
\caption@hangindent=\dimen125
Package caption Info: Unknown document class (or package),
(caption)             standard defaults will be used.
)

Package caption Warning: Unsupported document class (or package) detected,
(caption)                usage of the caption package is not recommended.
See the caption package documentation for explanation.

Package caption Info: \@makecaption = \long macro:#1#2-> \vskip 10pt \setbox \@
tempboxa \hbox {{\small \textbf {#1.} #2}} \ifdim \wd \@tempboxa >\hsize {\foot
notesize \textbf {#1.} #2\par }\else \hbox to\hsize {\hfil \box \@tempboxa \hfi
l } \fi .
\c@ContinuedFloat=\count113
Package caption Info: hyperref package is loaded.
) (K:\CTEX\MiKTeX\tex\latex\float\float.sty
Package: float 2001/11/08 v1.3d Float enhancements (AL)
\c@float@type=\count114
\float@exts=\toks23
\float@box=\box28
\@float@everytoks=\toks24
\@floatcapt=\box29
)
(K:\CTEX\MiKTeX\tex\latex\wrapfig\wrapfig.sty
\wrapoverhang=\dimen126
\WF@size=\dimen127
\c@WF@wrappedlines=\count115
\WF@box=\box30
\WF@everypar=\toks25
Package: wrapfig 2003/01/31  v 3.6
)
(K:\CTEX\MiKTeX\tex\latex\pgf\frontendlayer\tikz.sty
(K:\CTEX\MiKTeX\tex\latex\pgf\basiclayer\pgf.sty
(K:\CTEX\MiKTeX\tex\latex\pgf\utilities\pgfrcs.sty
(K:\CTEX\MiKTeX\tex\generic\pgf\utilities\pgfutil-common.tex
\pgfutil@everybye=\toks26
)
(K:\CTEX\MiKTeX\tex\generic\pgf\utilities\pgfutil-latex.def
\pgfutil@abb=\box31

(K:\CTEX\MiKTeX\tex\latex\ms\everyshi.sty
Package: everyshi 2001/05/15 v3.00 EveryShipout Package (MS)
))
(K:\CTEX\MiKTeX\tex\generic\pgf\utilities\pgfrcs.code.tex
Package: pgfrcs 2010/10/25 v2.10 (rcs-revision 1.24)
))
Package: pgf 2008/01/15 v2.10 (rcs-revision 1.12)

(K:\CTEX\MiKTeX\tex\latex\pgf\basiclayer\pgfcore.sty
(K:\CTEX\MiKTeX\tex\latex\pgf\systemlayer\pgfsys.sty
(K:\CTEX\MiKTeX\tex\generic\pgf\systemlayer\pgfsys.code.tex
Package: pgfsys 2010/06/30 v2.10 (rcs-revision 1.37)

(K:\CTEX\MiKTeX\tex\generic\pgf\utilities\pgfkeys.code.tex
\pgfkeys@pathtoks=\toks27
\pgfkeys@temptoks=\toks28

(K:\CTEX\MiKTeX\tex\generic\pgf\utilities\pgfkeysfiltered.code.tex
\pgfkeys@tmptoks=\toks29
))
\pgf@x=\dimen128
\pgf@y=\dimen129
\pgf@xa=\dimen130
\pgf@ya=\dimen131
\pgf@xb=\dimen132
\pgf@yb=\dimen133
\pgf@xc=\dimen134
\pgf@yc=\dimen135
\w@pgf@writea=\write3
\r@pgf@reada=\read1
\c@pgf@counta=\count116
\c@pgf@countb=\count117
\c@pgf@countc=\count118
\c@pgf@countd=\count119

(K:\CTEX\MiKTeX\tex\generic\pgf\systemlayer\pgf.cfg
File: pgf.cfg 2008/05/14  (rcs-revision 1.7)
)
Package pgfsys Info: Driver file for pgf: pgfsys-pdftex.def on input line 900.

(K:\CTEX\MiKTeX\tex\generic\pgf\systemlayer\pgfsys-pdftex.def
File: pgfsys-pdftex.def 2009/05/22  (rcs-revision 1.26)

(K:\CTEX\MiKTeX\tex\generic\pgf\systemlayer\pgfsys-common-pdf.def
File: pgfsys-common-pdf.def 2008/05/19  (rcs-revision 1.10)
)))
(K:\CTEX\MiKTeX\tex\generic\pgf\systemlayer\pgfsyssoftpath.code.tex
File: pgfsyssoftpath.code.tex 2008/07/18  (rcs-revision 1.7)
\pgfsyssoftpath@smallbuffer@items=\count120
\pgfsyssoftpath@bigbuffer@items=\count121
)
(K:\CTEX\MiKTeX\tex\generic\pgf\systemlayer\pgfsysprotocol.code.tex
File: pgfsysprotocol.code.tex 2006/10/16  (rcs-revision 1.4)
))
(K:\CTEX\MiKTeX\tex\generic\pgf\basiclayer\pgfcore.code.tex
Package: pgfcore 2010/04/11 v2.10 (rcs-revision 1.7)

(K:\CTEX\MiKTeX\tex\generic\pgf\math\pgfmath.code.tex
(K:\CTEX\MiKTeX\tex\generic\pgf\math\pgfmathcalc.code.tex
(K:\CTEX\MiKTeX\tex\generic\pgf\math\pgfmathutil.code.tex)
(K:\CTEX\MiKTeX\tex\generic\pgf\math\pgfmathparser.code.tex
\pgfmath@dimen=\dimen136
\pgfmath@count=\count122
\pgfmath@box=\box32
\pgfmath@toks=\toks30
\pgfmath@stack@operand=\toks31
\pgfmath@stack@operation=\toks32
)
(K:\CTEX\MiKTeX\tex\generic\pgf\math\pgfmathfunctions.code.tex
(K:\CTEX\MiKTeX\tex\generic\pgf\math\pgfmathfunctions.basic.code.tex)
(K:\CTEX\MiKTeX\tex\generic\pgf\math\pgfmathfunctions.trigonometric.code.tex)
(K:\CTEX\MiKTeX\tex\generic\pgf\math\pgfmathfunctions.random.code.tex)
(K:\CTEX\MiKTeX\tex\generic\pgf\math\pgfmathfunctions.comparison.code.tex)
(K:\CTEX\MiKTeX\tex\generic\pgf\math\pgfmathfunctions.base.code.tex)
(K:\CTEX\MiKTeX\tex\generic\pgf\math\pgfmathfunctions.round.code.tex)
(K:\CTEX\MiKTeX\tex\generic\pgf\math\pgfmathfunctions.misc.code.tex)))
(K:\CTEX\MiKTeX\tex\generic\pgf\math\pgfmathfloat.code.tex
\c@pgfmathroundto@lastzeros=\count123
))
(K:\CTEX\MiKTeX\tex\generic\pgf\basiclayer\pgfcorepoints.code.tex
File: pgfcorepoints.code.tex 2010/04/09  (rcs-revision 1.20)
\pgf@picminx=\dimen137
\pgf@picmaxx=\dimen138
\pgf@picminy=\dimen139
\pgf@picmaxy=\dimen140
\pgf@pathminx=\dimen141
\pgf@pathmaxx=\dimen142
\pgf@pathminy=\dimen143
\pgf@pathmaxy=\dimen144
\pgf@xx=\dimen145
\pgf@xy=\dimen146
\pgf@yx=\dimen147
\pgf@yy=\dimen148
\pgf@zx=\dimen149
\pgf@zy=\dimen150
)
(K:\CTEX\MiKTeX\tex\generic\pgf\basiclayer\pgfcorepathconstruct.code.tex
File: pgfcorepathconstruct.code.tex 2010/08/03  (rcs-revision 1.24)
\pgf@path@lastx=\dimen151
\pgf@path@lasty=\dimen152
)
(K:\CTEX\MiKTeX\tex\generic\pgf\basiclayer\pgfcorepathusage.code.tex
File: pgfcorepathusage.code.tex 2008/04/22  (rcs-revision 1.12)
\pgf@shorten@end@additional=\dimen153
\pgf@shorten@start@additional=\dimen154
)
(K:\CTEX\MiKTeX\tex\generic\pgf\basiclayer\pgfcorescopes.code.tex
File: pgfcorescopes.code.tex 2010/09/08  (rcs-revision 1.34)
\pgfpic=\box33
\pgf@hbox=\box34
\pgf@layerbox@main=\box35
\pgf@picture@serial@count=\count124
)
(K:\CTEX\MiKTeX\tex\generic\pgf\basiclayer\pgfcoregraphicstate.code.tex
File: pgfcoregraphicstate.code.tex 2008/04/22  (rcs-revision 1.9)
\pgflinewidth=\dimen155
)
(K:\CTEX\MiKTeX\tex\generic\pgf\basiclayer\pgfcoretransformations.code.tex
File: pgfcoretransformations.code.tex 2009/06/10  (rcs-revision 1.11)
\pgf@pt@x=\dimen156
\pgf@pt@y=\dimen157
\pgf@pt@temp=\dimen158
)
(K:\CTEX\MiKTeX\tex\generic\pgf\basiclayer\pgfcorequick.code.tex
File: pgfcorequick.code.tex 2008/10/09  (rcs-revision 1.3)
)
(K:\CTEX\MiKTeX\tex\generic\pgf\basiclayer\pgfcoreobjects.code.tex
File: pgfcoreobjects.code.tex 2006/10/11  (rcs-revision 1.2)
)
(K:\CTEX\MiKTeX\tex\generic\pgf\basiclayer\pgfcorepathprocessing.code.tex
File: pgfcorepathprocessing.code.tex 2008/10/09  (rcs-revision 1.8)
)
(K:\CTEX\MiKTeX\tex\generic\pgf\basiclayer\pgfcorearrows.code.tex
File: pgfcorearrows.code.tex 2008/04/23  (rcs-revision 1.11)
)
(K:\CTEX\MiKTeX\tex\generic\pgf\basiclayer\pgfcoreshade.code.tex
File: pgfcoreshade.code.tex 2008/11/23  (rcs-revision 1.13)
\pgf@max=\dimen159
\pgf@sys@shading@range@num=\count125
)
(K:\CTEX\MiKTeX\tex\generic\pgf\basiclayer\pgfcoreimage.code.tex
File: pgfcoreimage.code.tex 2010/03/25  (rcs-revision 1.16)

(K:\CTEX\MiKTeX\tex\generic\pgf\basiclayer\pgfcoreexternal.code.tex
File: pgfcoreexternal.code.tex 2010/09/01  (rcs-revision 1.17)
\pgfexternal@startupbox=\box36
))
(K:\CTEX\MiKTeX\tex\generic\pgf\basiclayer\pgfcorelayers.code.tex
File: pgfcorelayers.code.tex 2010/08/27  (rcs-revision 1.2)
)
(K:\CTEX\MiKTeX\tex\generic\pgf\basiclayer\pgfcoretransparency.code.tex
File: pgfcoretransparency.code.tex 2008/01/17  (rcs-revision 1.2)
)
(K:\CTEX\MiKTeX\tex\generic\pgf\basiclayer\pgfcorepatterns.code.tex
File: pgfcorepatterns.code.tex 2009/07/02  (rcs-revision 1.3)
)))
(K:\CTEX\MiKTeX\tex\generic\pgf\modules\pgfmoduleshapes.code.tex
File: pgfmoduleshapes.code.tex 2010/09/09  (rcs-revision 1.13)
\pgfnodeparttextbox=\box37
)
(K:\CTEX\MiKTeX\tex\generic\pgf\modules\pgfmoduleplot.code.tex
File: pgfmoduleplot.code.tex 2010/10/22  (rcs-revision 1.8)
)
(K:\CTEX\MiKTeX\tex\latex\pgf\compatibility\pgfcomp-version-0-65.sty
Package: pgfcomp-version-0-65 2007/07/03 v2.10 (rcs-revision 1.7)
\pgf@nodesepstart=\dimen160
\pgf@nodesepend=\dimen161
)
(K:\CTEX\MiKTeX\tex\latex\pgf\compatibility\pgfcomp-version-1-18.sty
Package: pgfcomp-version-1-18 2007/07/23 v2.10 (rcs-revision 1.1)
))
(K:\CTEX\MiKTeX\tex\latex\pgf\utilities\pgffor.sty
(K:\CTEX\MiKTeX\tex\latex\pgf\utilities\pgfkeys.sty
(K:\CTEX\MiKTeX\tex\generic\pgf\utilities\pgfkeys.code.tex))
(K:\CTEX\MiKTeX\tex\generic\pgf\utilities\pgffor.code.tex
Package: pgffor 2010/03/23 v2.10 (rcs-revision 1.18)
\pgffor@iter=\dimen162
\pgffor@skip=\dimen163
\pgffor@stack=\toks33
\pgffor@toks=\toks34
))
(K:\CTEX\MiKTeX\tex\generic\pgf\frontendlayer\tikz\tikz.code.tex
Package: tikz 2010/10/13 v2.10 (rcs-revision 1.76)

(K:\CTEX\MiKTeX\tex\generic\pgf\libraries\pgflibraryplothandlers.code.tex
File: pgflibraryplothandlers.code.tex 2010/05/31 v2.10 (rcs-revision 1.15)
\pgf@plot@mark@count=\count126
\pgfplotmarksize=\dimen164
)
\tikz@lastx=\dimen165
\tikz@lasty=\dimen166
\tikz@lastxsaved=\dimen167
\tikz@lastysaved=\dimen168
\tikzleveldistance=\dimen169
\tikzsiblingdistance=\dimen170
\tikz@figbox=\box38
\tikz@tempbox=\box39
\tikztreelevel=\count127
\tikznumberofchildren=\count128
\tikznumberofcurrentchild=\count129
\tikz@fig@count=\count130

(K:\CTEX\MiKTeX\tex\generic\pgf\modules\pgfmodulematrix.code.tex
File: pgfmodulematrix.code.tex 2010/08/24  (rcs-revision 1.4)
\pgfmatrixcurrentrow=\count131
\pgfmatrixcurrentcolumn=\count132
\pgf@matrix@numberofcolumns=\count133
)
\tikz@expandcount=\count134

(K:\CTEX\MiKTeX\tex\generic\pgf\frontendlayer\tikz\libraries\tikzlibrarytopaths
.code.tex
File: tikzlibrarytopaths.code.tex 2008/06/17 v2.10 (rcs-revision 1.2)
)))
(K:\CTEX\MiKTeX\tex\generic\pgf\frontendlayer\tikz\libraries\tikzlibraryarrows.
code.tex
File: tikzlibraryarrows.code.tex 2008/01/09 v2.10 (rcs-revision 1.1)
 (K:\CTEX\MiKTeX\tex\generic\pgf\libraries\pgflibraryarrows.code.tex
File: pgflibraryarrows.code.tex 2008/10/27 v2.10 (rcs-revision 1.9)
\arrowsize=\dimen171
))
(K:\CTEX\MiKTeX\tex\generic\pgf\frontendlayer\tikz\libraries\tikzlibrarypositio
ning.code.tex
File: tikzlibrarypositioning.code.tex 2008/10/06 v2.10 (rcs-revision 1.7)
) (K:\CTEX\MiKTeX\tex\latex\bbm\bbm.sty
Package: bbm 1999/03/15 V 1.2 provides fonts for set symbols - TH
LaTeX Font Info:    Overwriting math alphabet `\mathbbm' in version `bold'
(Font)                  U/bbm/m/n --> U/bbm/bx/n on input line 33.
LaTeX Font Info:    Overwriting math alphabet `\mathbbmss' in version `bold'
(Font)                  U/bbmss/m/n --> U/bbmss/bx/n on input line 35.
)
\c@remark=\count135
\c@example=\count136
\c@property=\count137

(J:\mcgill\GrpahModel\lecture2\2016-09-06_lecture.aux)
LaTeX Font Info:    Checking defaults for OML/cmm/m/it on input line 50.
LaTeX Font Info:    ... okay on input line 50.
LaTeX Font Info:    Checking defaults for T1/cmr/m/n on input line 50.
LaTeX Font Info:    ... okay on input line 50.
LaTeX Font Info:    Checking defaults for OT1/cmr/m/n on input line 50.
LaTeX Font Info:    ... okay on input line 50.
LaTeX Font Info:    Checking defaults for OMS/cmsy/m/n on input line 50.
LaTeX Font Info:    ... okay on input line 50.
LaTeX Font Info:    Checking defaults for OMX/cmex/m/n on input line 50.
LaTeX Font Info:    ... okay on input line 50.
LaTeX Font Info:    Checking defaults for U/cmr/m/n on input line 50.
LaTeX Font Info:    ... okay on input line 50.
LaTeX Font Info:    Checking defaults for PD1/pdf/m/n on input line 50.
LaTeX Font Info:    ... okay on input line 50.
LaTeX Font Info:    Try loading font information for T1+lmr on input line 50.

(K:\CTEX\MiKTeX\tex\latex\lm\t1lmr.fd
File: t1lmr.fd 2009/10/30 v1.6 Font defs for Latin Modern
)
(K:\CTEX\MiKTeX\tex\context\base\supp-pdf.mkii
[Loading MPS to PDF converter (version 2006.09.02).]
\scratchcounter=\count138
\scratchdimen=\dimen172
\scratchbox=\box40
\nofMPsegments=\count139
\nofMParguments=\count140
\everyMPshowfont=\toks35
\MPscratchCnt=\count141
\MPscratchDim=\dimen173
\MPnumerator=\count142
\makeMPintoPDFobject=\count143
\everyMPtoPDFconversion=\toks36
)
\AtBeginShipoutBox=\box41
Package hyperref Info: Link coloring ON on input line 50.
 (K:\CTEX\MiKTeX\tex\latex\hyperref\nameref.sty
Package: nameref 2010/04/30 v2.40 Cross-referencing by name of section

(K:\CTEX\MiKTeX\tex\generic\oberdiek\gettitlestring.sty
Package: gettitlestring 2010/12/03 v1.4 Cleanup title references (HO)
)
\c@section@level=\count144
)
LaTeX Info: Redefining \ref on input line 50.
LaTeX Info: Redefining \pageref on input line 50.
LaTeX Info: Redefining \nameref on input line 50.

(J:\mcgill\GrpahModel\lecture2\2016-09-06_lecture.out)
(J:\mcgill\GrpahModel\lecture2\2016-09-06_lecture.out)
\@outlinefile=\write4
Package caption Info: Begin \AtBeginDocument code.
Package caption Info: float package is loaded.
Package caption Info: wrapfig package is loaded.
Package caption Info: End \AtBeginDocument code.

ABD: EveryShipout initializing macros
Underfull \hbox (badness 10000) in paragraph at lines 64--66

 []

LaTeX Font Info:    Try loading font information for OT1+lmr on input line 84.
(K:\CTEX\MiKTeX\tex\latex\lm\ot1lmr.fd
File: ot1lmr.fd 2009/10/30 v1.6 Font defs for Latin Modern
)
LaTeX Font Info:    Try loading font information for OML+lmm on input line 84.
 (K:\CTEX\MiKTeX\tex\latex\lm\omllmm.fd
File: omllmm.fd 2009/10/30 v1.6 Font defs for Latin Modern
)
LaTeX Font Info:    Try loading font information for OMS+lmsy on input line 84.

(K:\CTEX\MiKTeX\tex\latex\lm\omslmsy.fd
File: omslmsy.fd 2009/10/30 v1.6 Font defs for Latin Modern
)
LaTeX Font Info:    Try loading font information for OMX+lmex on input line 84.


(K:\CTEX\MiKTeX\tex\latex\lm\omxlmex.fd
File: omxlmex.fd 2009/10/30 v1.6 Font defs for Latin Modern
)
LaTeX Font Info:    External font `lmex10' loaded for size
(Font)              <12> on input line 84.
LaTeX Font Info:    External font `lmex10' loaded for size
(Font)              <8> on input line 84.
LaTeX Font Info:    External font `lmex10' loaded for size
(Font)              <6> on input line 84.
LaTeX Font Info:    Try loading font information for U+msa on input line 84.

(K:\CTEX\MiKTeX\tex\latex\amsfonts\umsa.fd
File: umsa.fd 2009/06/22 v3.00 AMS symbols A
)
LaTeX Font Info:    Try loading font information for U+msb on input line 84.

(K:\CTEX\MiKTeX\tex\latex\amsfonts\umsb.fd
File: umsb.fd 2009/06/22 v3.00 AMS symbols B
) [1

{K:/CTEX/UserData/pdftex/config/pdftex.map{Unicode.sfd}{UGBK.sfd}}]
LaTeX Font Info:    External font `lmex10' loaded for size
(Font)              <10> on input line 120.
LaTeX Font Info:    External font `lmex10' loaded for size
(Font)              <7> on input line 120.
LaTeX Font Info:    External font `lmex10' loaded for size
(Font)              <5> on input line 120.
LaTeX Font Info:    Try loading font information for U+bbm on input line 166.
 (K:\CTEX\MiKTeX\tex\latex\bbm\ubbm.fd
File: ubbm.fd 1999/03/15 V 1.2 Font definition for bbm font - TH
)
[2]
Missing character: There is no ; in font nullfont!
 [3] [4] [5]
Underfull \hbox (badness 10000) in paragraph at lines 358--366

 []

Package atveryend Info: Empty hook `BeforeClearDocument' on input line 376.
[6]
Package atveryend Info: Empty hook `AfterLastShipout' on input line 376.
 (J:\mcgill\GrpahModel\lecture2\2016-09-06_lecture.aux)
Package atveryend Info: Executing hook `AtVeryEndDocument' on input line 376.
Package atveryend Info: Executing hook `AtEndAfterFileList' on input line 376.
Package rerunfilecheck Info: File `2016-09-06_lecture.out' has not changed.
(rerunfilecheck)             Checksum: 8CD235BE32F9489667943FF0087DA04D;343.
 ) 
Here is how much of TeX's memory you used:
 16651 strings out of 495354
 288686 string characters out of 3183859
 370547 words of memory out of 3000000
 19399 multiletter control sequences out of 15000+200000
 66023 words of font info for 66 fonts, out of 3000000 for 9000
 14 hyphenation exceptions out of 8191
 56i,12n,55p,432b,814s stack positions out of 5000i,500n,10000p,200000b,50000s
{K:/CTEX/MiKTeX/fonts/enc/dvips/lm/lm-mathsy.enc}{K:/CTEX/MiKTeX/fonts/enc/dv
ips/lm/lm-mathit.enc}{K:/CTEX/MiKTeX/fonts/enc/dvips/lm/lm-rm.enc}{K:/CTEX/MiKT
eX/fonts/enc/dvips/lm/lm-ec.enc} <K:\CTEX\UserData\fonts\pk\ljfour\public\bbm\d
pi600\bbm12.pk>{K:/CTEX/MiKTeX/fonts/enc/dvips/lm/lm-mathex.enc}<K:/CTEX/MiKTeX
/fonts/type1/public/lm/lmbx12.pfb><K:/CTEX/MiKTeX/fonts/type1/public/lm/lmex10.
pfb><K:/CTEX/MiKTeX/fonts/type1/public/lm/lmmi10.pfb><K:/CTEX/MiKTeX/fonts/type
1/public/lm/lmmi12.pfb><K:/CTEX/MiKTeX/fonts/type1/public/lm/lmmi6.pfb><K:/CTEX
/MiKTeX/fonts/type1/public/lm/lmmi8.pfb><K:/CTEX/MiKTeX/fonts/type1/public/lm/l
mr10.pfb><K:/CTEX/MiKTeX/fonts/type1/public/lm/lmr12.pfb><K:/CTEX/MiKTeX/fonts/
type1/public/lm/lmr17.pfb><K:/CTEX/MiKTeX/fonts/type1/public/lm/lmr7.pfb><K:/CT
EX/MiKTeX/fonts/type1/public/lm/lmr8.pfb><K:/CTEX/MiKTeX/fonts/type1/public/lm/
lmro12.pfb><K:/CTEX/MiKTeX/fonts/type1/public/lm/lmsy10.pfb><K:/CTEX/MiKTeX/fon
ts/type1/public/lm/lmsy6.pfb><K:/CTEX/MiKTeX/fonts/type1/public/lm/lmsy8.pfb><K
:/CTEX/MiKTeX/fonts/type1/public/amsfonts/symbols/msam10.pfb><K:/CTEX/MiKTeX/fo
nts/type1/public/amsfonts/symbols/msbm10.pfb>
Output written on 2016-09-06_lecture.pdf (6 pages, 282057 bytes).
PDF statistics:
 190 PDF objects out of 1000 (max. 8388607)
 44 named destinations out of 1000 (max. 500000)
 53 words of extra memory for PDF output out of 10000 (max. 10000000)

